#
# A fatal error has been detected by the Java Runtime Environment:
#
#  Internal Error (javaClasses.cpp:129), pid=4840, tid=7192
#  fatal error: Invalid layout of preloaded class
#
# JRE version: 7.0_13-b20
# Java VM: Java HotSpot(TM) 64-Bit Server VM (23.7-b01 mixed mode windows-amd64 compressed oops)
# Failed to write core dump. Minidumps are not enabled by default on client versions of Windows
#
# If you would like to submit a bug report, please visit:
#   http://bugreport.sun.com/bugreport/crash.jsp
#

---------------  T H R E A D  ---------------

Current thread (0x000000000260d000):  JavaThread "Unknown thread" [_thread_in_vm, id=7192, stack(0x00000000028a0000,0x00000000029a0000)]

Stack: [0x00000000028a0000,0x00000000029a0000]

---------------  P R O C E S S  ---------------

Java Threads: ( => current thread )

Other Threads:

=>0x000000000260d000 (exited) JavaThread "Unknown thread" [_thread_in_vm, id=7192, stack(0x00000000028a0000,0x00000000029a0000)]

VM state:not at safepoint (not fully initialized)

VM Mutex/Monitor currently owned by a thread: None

GC Heap History (0 events):
No events

Deoptimization events (0 events):
No events

Internal exceptions (0 events):
No events

Events (10 events):
Event: 0.046 loading class 0x0000000002513100 done
Event: 0.046 loading class 0x00000000024da6d0 done
Event: 0.046 loading class 0x00000000024da6a0
Event: 0.046 loading class 0x0000000002563510
Event: 0.046 loading class 0x0000000002563510 done
Event: 0.046 loading class 0x0000000002563550
Event: 0.047 loading class 0x0000000002563550 done
Event: 0.047 loading class 0x0000000002565710
Event: 0.047 loading class 0x0000000002565710 done
Event: 0.047 loading class 0x00000000024da6a0 done


Dynamic libraries:
0x000000013fef0000 - 0x000000013ff23000 	C:\Program Files\Java\jre7\bin\javaw.exe
0x0000000077040000 - 0x00000000771e9000 	C:\windows\SYSTEM32\ntdll.dll
0x0000000076f20000 - 0x000000007703f000 	C:\windows\system32\kernel32.dll
0x000007fefcda0000 - 0x000007fefce0b000 	C:\windows\system32\KERNELBASE.dll
0x000007fefef40000 - 0x000007feff01b000 	C:\windows\system32\ADVAPI32.dll
0x000007fefe2b0000 - 0x000007fefe34f000 	C:\windows\system32\msvcrt.dll
0x000007fefe6f0000 - 0x000007fefe70f000 	C:\windows\SYSTEM32\sechost.dll
0x000007fefe380000 - 0x000007fefe4ad000 	C:\windows\system32\RPCRT4.dll
0x0000000076e20000 - 0x0000000076f1a000 	C:\windows\system32\USER32.dll
0x000007fefe240000 - 0x000007fefe2a7000 	C:\windows\system32\GDI32.dll
0x000007fefe710000 - 0x000007fefe71e000 	C:\windows\system32\LPK.dll
0x000007feff280000 - 0x000007feff349000 	C:\windows\system32\USP10.dll
0x000007fefb6a0000 - 0x000007fefb894000 	C:\windows\WinSxS\amd64_microsoft.windows.common-controls_6595b64144ccf1df_6.0.7601.17514_none_fa396087175ac9ac\COMCTL32.dll
0x000007fefebf0000 - 0x000007fefec61000 	C:\windows\system32\SHLWAPI.dll
0x000007fefe350000 - 0x000007fefe37e000 	C:\windows\system32\IMM32.DLL
0x000007fefec90000 - 0x000007fefed99000 	C:\windows\system32\MSCTF.dll
0x0000000073e00000 - 0x0000000073ed1000 	C:\Program Files\Java\jre7\bin\msvcr100.dll
0x000000006a8e0000 - 0x000000006afff000 	C:\Program Files\Java\jre7\bin\server\jvm.dll
0x000007fef9160000 - 0x000007fef9169000 	C:\windows\system32\WSOCK32.dll
0x000007feff230000 - 0x000007feff27d000 	C:\windows\system32\WS2_32.dll
0x000007fefe6e0000 - 0x000007fefe6e8000 	C:\windows\system32\NSI.dll
0x000007fefcd60000 - 0x000007fefcd9b000 	C:\windows\system32\WINMM.dll
0x0000000077200000 - 0x0000000077207000 	C:\windows\system32\PSAPI.DLL
0x0000000073df0000 - 0x0000000073dff000 	C:\Program Files\Java\jre7\bin\verify.dll
0x0000000073dc0000 - 0x0000000073de8000 	C:\Program Files\Java\jre7\bin\java.dll
0x0000000073da0000 - 0x0000000073db5000 	C:\Program Files\Java\jre7\bin\zip.dll

VM Arguments:
jvm_args: -Dfile.encoding=GBK -Xbootclasspath:D:\android-sdk\platforms\android-17\android.jar 
java_command: ie.tcd.scss.dsg.particpatory.util.Constant
Launcher Type: SUN_STANDARD

Environment Variables:
PATH=C:\windows\system32;C:\windows;C:\windows\System32\Wbem;C:\windows\System32\WindowsPowerShell\v1.0\;D:\Program Files (x86)\MySQL\MySQL Server 5.1\bin;C:\Program Files\nodejs\;D:\Program Files\Python27;D:\Program Files\TortoiseGit\bin;D:\android-sdk/tools;D:\android-sdk/platform-tools;C:\Users\Ivy\AppData\Roaming\npm\;D:\Program Files\MiKTeX\miktex\bin\x64\
USERNAME=Ivy
OS=Windows_NT
PROCESSOR_IDENTIFIER=Intel64 Family 6 Model 23 Stepping 10, GenuineIntel



---------------  S Y S T E M  ---------------

OS: Windows 7 , 64 bit Build 7601 Service Pack 1

CPU:total 2 (2 cores per cpu, 1 threads per core) family 6 model 23 stepping 10, cmov, cx8, fxsr, mmx, sse, sse2, sse3, ssse3, sse4.1, tsc

Memory: 4k page, physical 4191208k(1198684k free), swap 8380556k(3166628k free)

vm_info: Java HotSpot(TM) 64-Bit Server VM (23.7-b01) for windows-amd64 JRE (1.7.0_13-b20), built on Jan 30 2013 10:10:00 by "java_re" with unknown MS VC++:1600

time: Mon Jul 15 19:05:07 2013
elapsed time: 0 seconds

